{"level":"info","message":"[server]: Server is running at http://localhost:3000","timestamp":"2026-03-12 18:46:43"}
{"level":"info","message":"[server]: Server is running at http://localhost:3000","timestamp":"2026-03-12 18:46:43"}
{"level":"info","message":"[server]: Server is running at http://localhost:3000","timestamp":"2026-03-12 18:46:55"}
{"level":"info","message":"[server]: Server is running at http://localhost:3000","timestamp":"2026-03-12 18:46:55"}
{"level":"info","message":"[server]: Server is running at http://localhost:3000","timestamp":"2026-03-12 18:47:24"}
{"level":"info","message":"[server]: Server is running at http://localhost:3000","timestamp":"2026-03-12 18:47:24"}
{"level":"info","message":"[server]: Server is running at http://localhost:3000","timestamp":"2026-03-12 18:48:17"}
{"level":"info","message":"[server]: Server is running at http://localhost:3000","timestamp":"2026-03-12 18:48:17"}
{"level":"info","message":"[GET] /api/gym - Status: 200","timestamp":"2026-03-12 18:51:31"}
{"level":"info","message":"[GET] /api/gym - Status: 304","timestamp":"2026-03-12 18:51:39"}
{"level":"info","message":"[GET] /api/gym - Status: 304","timestamp":"2026-03-12 18:51:39"}
{"level":"info","message":"[GET] /api/gym - Status: 304","timestamp":"2026-03-12 18:51:39"}
{"level":"info","message":"[GET] /api/gym - Status: 304","timestamp":"2026-03-12 18:51:39"}
{"level":"info","message":"[GET] /api/gym - Status: 304","timestamp":"2026-03-12 18:51:40"}
{"level":"info","message":"[GET] /api/gym - Status: 304","timestamp":"2026-03-12 18:51:40"}
{"level":"info","message":"[server]: Server is running at http://localhost:3000","timestamp":"2026-03-12 18:52:07"}
{"level":"info","message":"[server]: Server is running at http://localhost:3000","timestamp":"2026-03-12 18:52:07"}
{"level":"info","message":"[server]: Server is running at http://localhost:3000","timestamp":"2026-03-12 18:52:27"}
{"level":"info","message":"[server]: Server is running at http://localhost:3000","timestamp":"2026-03-12 18:52:27"}
{"level":"info","message":"[GET] /api/gym - Status: 304","timestamp":"2026-03-12 18:52:42"}
{"level":"info","message":"[GET] /api/gym - Status: 304","timestamp":"2026-03-12 18:52:45"}
{"level":"info","message":"[GET] /api/gym - Status: 304","timestamp":"2026-03-12 18:52:46"}
{"level":"info","message":"[server]: Server is running at http://localhost:3000","timestamp":"2026-03-12 18:52:52"}
{"level":"info","message":"[server]: Server is running at http://localhost:3000","timestamp":"2026-03-12 18:52:52"}
{"level":"info","message":"[GET] /api/gym - Status: 304","timestamp":"2026-03-12 18:52:55"}
{"level":"info","message":"[GET] /api/gym - Status: 304","timestamp":"2026-03-12 18:52:55"}
{"level":"info","message":"[server]: Server is running at http://localhost:3000","timestamp":"2026-03-12 18:53:03"}
{"level":"info","message":"[GET] /api/gym - Status: 304","timestamp":"2026-03-12 18:53:13"}
{"level":"info","message":"[GET] /api/gym - Status: 304","timestamp":"2026-03-12 18:53:16"}
{"level":"info","message":"[GET] /api/gym - Status: 304","timestamp":"2026-03-12 18:53:17"}
{"level":"info","message":"[GET] /api/gym - Status: 304","timestamp":"2026-03-12 18:53:17"}
{"level":"info","message":"[server]: Server is running at http://localhost:3000","timestamp":"2026-03-12 18:53:36"}
{"level":"info","message":"[server]: Server is running at http://localhost:3000","timestamp":"2026-03-12 18:53:36"}
{"level":"info","message":"[server]: Server is running at http://localhost:3000","timestamp":"2026-03-12 18:53:38"}
{"level":"info","message":"[server]: Server is running at http://localhost:3000","timestamp":"2026-03-12 18:53:38"}
{"level":"info","message":"[GET] /api/gym - Status: 304","timestamp":"2026-03-12 18:53:42"}
{"level":"info","message":"[GET] /api/gym - Status: 304","timestamp":"2026-03-12 18:53:45"}
{"level":"info","message":"[GET] /api/gym - Status: 304","timestamp":"2026-03-12 18:53:46"}
{"level":"info","message":"[GET] /api/gym - Status: 304","timestamp":"2026-03-12 18:53:46"}
{"level":"info","message":"[GET] /api/gym - Status: 304","timestamp":"2026-03-12 18:53:46"}
{"level":"info","message":"[server]: Server is running at http://localhost:3000","timestamp":"2026-03-12 18:54:38"}
{"level":"info","message":"[server]: Server is running at http://localhost:3000","timestamp":"2026-03-12 18:54:38"}
{"level":"info","message":"[GET] /api/gym - Status: 304","timestamp":"2026-03-12 18:54:40"}
{"level":"info","message":"[GET] /api/gym - Status: 304","timestamp":"2026-03-12 18:54:43"}
{"level":"info","message":"[GET] /api/gym - Status: 304","timestamp":"2026-03-12 18:54:44"}
{"level":"info","message":"[server]: Server is running at http://localhost:3000","timestamp":"2026-03-12 18:56:04"}
{"level":"info","message":"[server]: Server is running at http://localhost:3000","timestamp":"2026-03-12 18:56:04"}
{"level":"error","message":"Error Processing Request - [GET] /api/gym - Status: 500 - Error: Cannot read properties of null (reading 'name')","timestamp":"2026-03-12 18:56:19"}
{"level":"error","message":"[GET] /api/gym - Status: 500","timestamp":"2026-03-12 18:56:19"}
{"level":"info","message":"[server]: Server is running at http://localhost:3000","timestamp":"2026-03-12 18:57:24"}
{"level":"info","message":"[server]: Server is running at http://localhost:3000","timestamp":"2026-03-12 18:57:26"}
{"level":"error","message":"Error Processing Request - [GET] /api/gym - Status: 500 - Error: Cannot read properties of null (reading 'name')","timestamp":"2026-03-12 18:57:30"}
{"level":"error","message":"[GET] /api/gym - Status: 500","timestamp":"2026-03-12 18:57:30"}
{"level":"info","message":"[server]: Server is running at http://localhost:3000","timestamp":"2026-03-12 18:57:51"}
{"level":"info","message":"[server]: Server is running at http://localhost:3000","timestamp":"2026-03-12 18:57:51"}
{"level":"error","message":"Error Processing Request - [GET] /api/gym - Status: undefined - Error: Cannot read properties of null (reading 'name')","timestamp":"2026-03-12 18:57:53"}
{"level":"error","message":"[GET] /api/gym - Status: 500","timestamp":"2026-03-12 18:57:53"}
{"level":"info","message":"[server]: Server is running at http://localhost:3000","timestamp":"2026-03-12 18:58:05"}
{"level":"info","message":"[server]: Server is running at http://localhost:3000","timestamp":"2026-03-12 18:58:05"}
{"level":"error","message":"Error Processing Request - [GET] /api/gym - Status: 500 - Error: Cannot read properties of null (reading 'name')","timestamp":"2026-03-12 18:58:07"}
{"level":"error","message":"[GET] /api/gym - Status: 500","timestamp":"2026-03-12 18:58:07"}
{"level":"error","message":"Error Processing Request - [GET] /api/gym - Status: 500 - Error: Cannot read properties of null (reading 'name')","timestamp":"2026-03-12 18:58:14"}
{"level":"error","message":"[GET] /api/gym - Status: 500","timestamp":"2026-03-12 18:58:14"}
{"level":"info","message":"[server]: Server is running at http://localhost:3000","timestamp":"2026-03-12 18:58:23"}
{"level":"error","message":"Error Processing Request - [GET] /api/gym - Status: 500 - Error: Cannot read properties of null (reading 'name')","timestamp":"2026-03-12 18:58:29"}
{"level":"error","message":"[GET] /api/gym - Status: 500","timestamp":"2026-03-12 18:58:29"}
{"level":"error","message":"Error Processing Request - [GET] /api/gym - Status: 500 - Error: Cannot read properties of null (reading 'name')","timestamp":"2026-03-12 18:58:33"}
{"level":"error","message":"[GET] /api/gym - Status: 500","timestamp":"2026-03-12 18:58:33"}
{"level":"error","message":"Error Processing Request - [GET] /api/gym - Status: 500 - Error: Cannot read properties of null (reading 'name')","timestamp":"2026-03-12 18:58:33"}
{"level":"error","message":"[GET] /api/gym - Status: 500","timestamp":"2026-03-12 18:58:33"}
{"level":"error","message":"Error Processing Request - [GET] /api/gym - Status: 500 - Error: Cannot read properties of null (reading 'name')","timestamp":"2026-03-12 18:58:33"}
{"level":"error","message":"[GET] /api/gym - Status: 500","timestamp":"2026-03-12 18:58:33"}
{"level":"error","message":"Error Processing Request - [GET] /api/gym - Status: 500 - Error: Cannot read properties of null (reading 'name')","timestamp":"2026-03-12 18:58:33"}
{"level":"error","message":"[GET] /api/gym - Status: 500","timestamp":"2026-03-12 18:58:33"}
{"level":"error","message":"Error Processing Request - [GET] /api/gym - Status: 500 - Error: Cannot read properties of null (reading 'name')","timestamp":"2026-03-12 18:58:33"}
{"level":"error","message":"[GET] /api/gym - Status: 500","timestamp":"2026-03-12 18:58:33"}
{"level":"info","message":"[server]: Server is running at http://localhost:3000","timestamp":"2026-03-12 18:58:48"}
{"level":"info","message":"[server]: Server is running at http://localhost:3000","timestamp":"2026-03-12 18:58:48"}
{"level":"error","message":"Error Processing Request - [GET] /api/gym - Status: 500 - Error: Cannot read properties of null (reading 'name')","timestamp":"2026-03-12 18:58:58"}
{"level":"error","message":"[GET] /api/gym - Status: 500","timestamp":"2026-03-12 18:58:58"}
{"level":"info","message":"[server]: Server is running at http://localhost:3000","timestamp":"2026-03-12 19:00:27"}
{"level":"info","message":"[server]: Server is running at http://localhost:3000","timestamp":"2026-03-12 19:00:27"}
{"level":"error","message":"Error Processing Request - [GET] /api/gym - Status: 500 - Error: Cannot read properties of null (reading 'name')","timestamp":"2026-03-12 19:00:31"}
{"level":"error","message":"[GET] /api/gym - Status: 500","timestamp":"2026-03-12 19:00:31"}
{"level":"info","message":"[server]: Server is running at http://localhost:3000","timestamp":"2026-03-12 19:00:41"}
{"level":"info","message":"[server]: Server is running at http://localhost:3000","timestamp":"2026-03-12 19:00:41"}
{"level":"error","message":"Error Processing Request - [GET] /api/gym - Status: 500 - Error: Cannot read properties of null (reading 'name')","timestamp":"2026-03-12 19:00:43"}
{"level":"error","message":"Error Processing Request - [GET] /api/gym - Status: 500 - Error: Cannot read properties of null (reading 'name')","timestamp":"2026-03-12 19:00:51"}
{"level":"info","message":"[GET] /hi - Status: 304","timestamp":"2026-03-12 19:01:24"}
{"level":"error","message":"Error Processing Request - [GET] /api/gym - Status: 500 - Error: Cannot read properties of null (reading 'name')","timestamp":"2026-03-12 19:01:32"}
{"level":"warn","message":"[GET] / - Status: 404","timestamp":"2026-03-12 19:01:40"}
{"level":"info","message":"[GET] /hi - Status: 304","timestamp":"2026-03-12 19:02:34"}
{"level":"warn","message":"[GET] /.well-known/appspecific/com.chrome.devtools.json - Status: 404","timestamp":"2026-03-12 19:05:11"}
{"level":"info","message":"[GET] /hi - Status: 304","timestamp":"2026-03-12 19:05:15"}
{"level":"warn","message":"[GET] /.well-known/appspecific/com.chrome.devtools.json - Status: 404","timestamp":"2026-03-12 19:05:15"}
{"level":"info","message":"[GET] /hi - Status: 304","timestamp":"2026-03-12 19:05:17"}
{"level":"warn","message":"[GET] /.well-known/appspecific/com.chrome.devtools.json - Status: 404","timestamp":"2026-03-12 19:05:17"}
{"level":"info","message":"[GET] /hi - Status: 304","timestamp":"2026-03-12 19:05:18"}
{"level":"warn","message":"[GET] /.well-known/appspecific/com.chrome.devtools.json - Status: 404","timestamp":"2026-03-12 19:05:18"}
{"level":"info","message":"[GET] /hi - Status: 304","timestamp":"2026-03-12 19:05:19"}
{"level":"warn","message":"[GET] /.well-known/appspecific/com.chrome.devtools.json - Status: 404","timestamp":"2026-03-12 19:05:19"}
{"level":"info","message":"[GET] /hi - Status: 304","timestamp":"2026-03-12 19:05:19"}
{"level":"warn","message":"[GET] /.well-known/appspecific/com.chrome.devtools.json - Status: 404","timestamp":"2026-03-12 19:05:20"}
{"level":"info","message":"[server]: Server is running at http://localhost:3000","timestamp":"2026-03-12 19:07:44"}
{"level":"info","message":"[server]: Server is running at http://localhost:3000","timestamp":"2026-03-12 19:09:42"}
{"level":"info","message":"[server]: Server is running at http://localhost:3000","timestamp":"2026-03-12 19:10:06"}
{"level":"info","message":"[server]: Server is running at http://localhost:3000","timestamp":"2026-03-12 19:10:14"}
{"level":"info","message":"[server]: Server is running at http://localhost:3000","timestamp":"2026-03-12 19:10:39"}
{"level":"info","message":"[server]: Server is running at http://localhost:3000","timestamp":"2026-03-12 21:49:09"}
{"level":"info","message":"[server]: Server is running at http://localhost:3000","timestamp":"2026-03-12 22:27:24"}
